<?xml version="1.0" encoding="UTF-8"?>
<!-- Generated by org.testng.reporters.JUnitReportReporter -->
<testsuite skipped="0" hostname="JarvisLaptop" name="getRequest.Getdata" tests="2" failures="0" timestamp="2021-10-04T12:13:15 IST" time="4.597" errors="0">
  <testcase name="testBody" time="2.401" classname="getRequest.Getdata"/>
  <system-out/>
  <testcase name="testResponsecode" time="2.196" classname="getRequest.Getdata"/>
  <system-out/>
</testsuite> <!-- getRequest.Getdata -->
